# JRE version: Java(TM) SE Runtime Environment (15.0.2+7) (build 15.0.2+7-27)
# Java VM: Java HotSpot(TM) 64-Bit Server VM (15.0.2+7-27, mixed mode, sharing, tiered, compressed oops, g1 gc, windows-amd64)
GC Precious Log:
 CPUs: 4 total, 4 available
 Memory: 7096M
 Large Page Support: Disabled
 NUMA Support: Disabled
 Compressed Oops: Enabled (32-bit)
 Heap Region Size: 1M
 Heap Min Capacity: 8M
 Heap Initial Capacity: 112M
 Heap Max Capacity: 1776M
 Pre-touch: Disabled
 Parallel Workers: 4
 Concurrent Workers: 1
 Concurrent Refinement Workers: 4
 Periodic GC: Disabled
Heap:
 garbage-first heap   total 78848K, used 53421K [0x0000000091000000, 0x0000000100000000)
  region size 1024K, 15 young (15360K), 1 survivors (1024K)
 Metaspace       used 29952K, capacity 30591K, committed 30844K, reserved 1077248K
  class space    used 3309K, capacity 3454K, committed 3532K, reserved 1048576K
GC Heap History (20 events):
Event: 7.584 GC heap before
{Heap before GC invocations=1 (full 0):
 garbage-first heap   total 114688K, used 14457K [0x0000000091000000, 0x0000000100000000)
  region size 1024K, 14 young (14336K), 2 survivors (2048K)
 Metaspace       used 6004K, capacity 8116K, committed 8320K, reserved 1056768K
  class space    used 694K, capacity 896K, committed 896K, reserved 1048576K
}
Event: 7.595 GC heap after
{Heap after GC invocations=2 (full 0):
 garbage-first heap   total 114688K, used 3974K [0x0000000091000000, 0x0000000100000000)
  region size 1024K, 1 young (1024K), 1 survivors (1024K)
 Metaspace       used 6004K, capacity 8116K, committed 8320K, reserved 1056768K
  class space    used 694K, capacity 896K, committed 896K, reserved 1048576K
}
Event: 11.491 GC heap before
{Heap before GC invocations=2 (full 0):
 garbage-first heap   total 114688K, used 27526K [0x0000000091000000, 0x0000000100000000)
  region size 1024K, 25 young (25600K), 1 survivors (1024K)
 Metaspace       used 8603K, capacity 10278K, committed 10496K, reserved 1058816K
  class space    used 981K, capacity 1162K, committed 1280K, reserved 1048576K
}
Event: 11.502 GC heap after
{Heap after GC invocations=3 (full 0):
 garbage-first heap   total 114688K, used 4671K [0x0000000091000000, 0x0000000100000000)
  region size 1024K, 2 young (2048K), 2 survivors (2048K)
 Metaspace       used 8603K, capacity 10278K, committed 10496K, reserved 1058816K
  class space    used 981K, capacity 1162K, committed 1280K, reserved 1048576K
}
Event: 20.292 GC heap before
{Heap before GC invocations=3 (full 0):
 garbage-first heap   total 114688K, used 71231K [0x0000000091000000, 0x0000000100000000)
  region size 1024K, 67 young (68608K), 2 survivors (2048K)
 Metaspace       used 16226K, capacity 17000K, committed 17152K, reserved 1064960K
  class space    used 1869K, capacity 1993K, committed 2048K, reserved 1048576K
}
Event: 20.342 GC heap after
{Heap after GC invocations=4 (full 0):
 garbage-first heap   total 114688K, used 12494K [0x0000000091000000, 0x0000000100000000)
  region size 1024K, 9 young (9216K), 9 survivors (9216K)
 Metaspace       used 16226K, capacity 17000K, committed 17152K, reserved 1064960K
  class space    used 1869K, capacity 1993K, committed 2048K, reserved 1048576K
}
Event: 26.241 GC heap before
{Heap before GC invocations=4 (full 0):
 garbage-first heap   total 114688K, used 71886K [0x0000000091000000, 0x0000000100000000)
  region size 1024K, 67 young (68608K), 9 survivors (9216K)
 Metaspace       used 17048K, capacity 17635K, committed 17664K, reserved 1064960K
  class space    used 1892K, capacity 2033K, committed 2048K, reserved 1048576K
}
Event: 26.302 GC heap after
{Heap after GC invocations=5 (full 0):
 garbage-first heap   total 114688K, used 17981K [0x0000000091000000, 0x0000000100000000)
  region size 1024K, 6 young (6144K), 6 survivors (6144K)
 Metaspace       used 17048K, capacity 17635K, committed 17664K, reserved 1064960K
  class space    used 1892K, capacity 2033K, committed 2048K, reserved 1048576K
}
Event: 32.468 GC heap before
{Heap before GC invocations=5 (full 0):
 garbage-first heap   total 114688K, used 78397K [0x0000000091000000, 0x0000000100000000)
  region size 1024K, 65 young (66560K), 6 survivors (6144K)
 Metaspace       used 20381K, capacity 20886K, committed 21120K, reserved 1069056K
  class space    used 2244K, capacity 2355K, committed 2432K, reserved 1048576K
}
Event: 32.515 GC heap after
{Heap after GC invocations=6 (full 0):
 garbage-first heap   total 114688K, used 22016K [0x0000000091000000, 0x0000000100000000)
  region size 1024K, 3 young (3072K), 3 survivors (3072K)
 Metaspace       used 20381K, capacity 20886K, committed 21120K, reserved 1069056K
  class space    used 2244K, capacity 2355K, committed 2432K, reserved 1048576K
}
Event: 33.118 GC heap before
{Heap before GC invocations=6 (full 0):
 garbage-first heap   total 114688K, used 37376K [0x0000000091000000, 0x0000000100000000)
  region size 1024K, 20 young (20480K), 3 survivors (3072K)
 Metaspace       used 20745K, capacity 21242K, committed 21296K, reserved 1069056K
  class space    used 2291K, capacity 2431K, committed 2432K, reserved 1048576K
}
Event: 33.131 GC heap after
{Heap after GC invocations=7 (full 0):
 garbage-first heap   total 114688K, used 20635K [0x0000000091000000, 0x0000000100000000)
  region size 1024K, 3 young (3072K), 3 survivors (3072K)
 Metaspace       used 20745K, capacity 21242K, committed 21296K, reserved 1069056K
  class space    used 2291K, capacity 2431K, committed 2432K, reserved 1048576K
}
Event: 36.223 GC heap before
{Heap before GC invocations=8 (full 0):
 garbage-first heap   total 75776K, used 63643K [0x0000000091000000, 0x0000000100000000)
  region size 1024K, 44 young (45056K), 3 survivors (3072K)
 Metaspace       used 26428K, capacity 26963K, committed 27132K, reserved 1073152K
  class space    used 2949K, capacity 3078K, committed 3148K, reserved 1048576K
}
Event: 36.254 GC heap after
{Heap after GC invocations=9 (full 0):
 garbage-first heap   total 78848K, used 32832K [0x0000000091000000, 0x0000000100000000)
  region size 1024K, 6 young (6144K), 6 survivors (6144K)
 Metaspace       used 26428K, capacity 26963K, committed 27132K, reserved 1073152K
  class space    used 2949K, capacity 3078K, committed 3148K, reserved 1048576K
}
Event: 36.659 GC heap before
{Heap before GC invocations=9 (full 0):
 garbage-first heap   total 78848K, used 59456K [0x0000000091000000, 0x0000000100000000)
  region size 1024K, 33 young (33792K), 6 survivors (6144K)
 Metaspace       used 26430K, capacity 26963K, committed 27132K, reserved 1073152K
  class space    used 2949K, capacity 3078K, committed 3148K, reserved 1048576K
}
Event: 36.678 GC heap after
{Heap after GC invocations=10 (full 0):
 garbage-first heap   total 78848K, used 35610K [0x0000000091000000, 0x0000000100000000)
  region size 1024K, 3 young (3072K), 3 survivors (3072K)
 Metaspace       used 26430K, capacity 26963K, committed 27132K, reserved 1073152K
  class space    used 2949K, capacity 3078K, committed 3148K, reserved 1048576K
}
Event: 39.443 GC heap before
{Heap before GC invocations=10 (full 0):
 garbage-first heap   total 78848K, used 60186K [0x0000000091000000, 0x0000000100000000)
  region size 1024K, 28 young (28672K), 3 survivors (3072K)
 Metaspace       used 27842K, capacity 28468K, committed 28540K, reserved 1075200K
  class space    used 3075K, capacity 3218K, committed 3276K, reserved 1048576K
}
Event: 39.471 GC heap after
{Heap after GC invocations=11 (full 0):
 garbage-first heap   total 78848K, used 39362K [0x0000000091000000, 0x0000000100000000)
  region size 1024K, 4 young (4096K), 4 survivors (4096K)
 Metaspace       used 27842K, capacity 28468K, committed 28540K, reserved 1075200K
  class space    used 3075K, capacity 3218K, committed 3276K, reserved 1048576K
}
Event: 42.642 GC heap before
{Heap before GC invocations=11 (full 0):
 garbage-first heap   total 78848K, used 60866K [0x0000000091000000, 0x0000000100000000)
  region size 1024K, 26 young (26624K), 4 survivors (4096K)
 Metaspace       used 29101K, capacity 29719K, committed 29948K, reserved 1075200K
  class space    used 3233K, capacity 3379K, committed 3404K, reserved 1048576K
}
Event: 42.659 GC heap after
{Heap after GC invocations=12 (full 0):
 garbage-first heap   total 78848K, used 40109K [0x0000000091000000, 0x0000000100000000)
  region size 1024K, 1 young (1024K), 1 survivors (1024K)
 Metaspace       used 29101K, capacity 29719K, committed 29948K, reserved 1075200K
  class space    used 3233K, capacity 3379K, committed 3404K, reserved 1048576K
}

