# JRE version: Java(TM) SE Runtime Environment (15.0.2+7) (build 15.0.2+7-27)
# Java VM: Java HotSpot(TM) 64-Bit Server VM (15.0.2+7-27, mixed mode, sharing, tiered, compressed oops, g1 gc, windows-amd64)
GC Precious Log:
 CPUs: 4 total, 4 available
 Memory: 7096M
 Large Page Support: Disabled
 NUMA Support: Disabled
 Compressed Oops: Enabled (32-bit)
 Heap Region Size: 1M
 Heap Min Capacity: 8M
 Heap Initial Capacity: 112M
 Heap Max Capacity: 1776M
 Pre-touch: Disabled
 Parallel Workers: 4
 Concurrent Workers: 1
 Concurrent Refinement Workers: 4
 Periodic GC: Disabled
Heap:
 garbage-first heap   total 119808K, used 74240K [0x0000000091000000, 0x0000000100000000)
  region size 1024K, 18 young (18432K), 2 survivors (2048K)
 Metaspace       used 30494K, capacity 31074K, committed 32660K, reserved 1079296K
  class space    used 3378K, capacity 3593K, committed 3840K, reserved 1048576K
GC Heap History (20 events):
Event: 14.525 GC heap before
{Heap before GC invocations=5 (full 0):
 garbage-first heap   total 114688K, used 78909K [0x0000000091000000, 0x0000000100000000)
  region size 1024K, 66 young (67584K), 7 survivors (7168K)
 Metaspace       used 20363K, capacity 20851K, committed 21120K, reserved 1069056K
  class space    used 2245K, capacity 2385K, committed 2432K, reserved 1048576K
}
Event: 14.553 GC heap after
{Heap after GC invocations=6 (full 0):
 garbage-first heap   total 138240K, used 22016K [0x0000000091000000, 0x0000000100000000)
  region size 1024K, 3 young (3072K), 3 survivors (3072K)
 Metaspace       used 20363K, capacity 20851K, committed 21120K, reserved 1069056K
  class space    used 2245K, capacity 2385K, committed 2432K, reserved 1048576K
}
Event: 14.699 GC heap before
{Heap before GC invocations=6 (full 0):
 garbage-first heap   total 138240K, used 38400K [0x0000000091000000, 0x0000000100000000)
  region size 1024K, 21 young (21504K), 3 survivors (3072K)
 Metaspace       used 20633K, capacity 21145K, committed 21248K, reserved 1069056K
  class space    used 2278K, capacity 2463K, committed 2560K, reserved 1048576K
}
Event: 14.707 GC heap after
{Heap after GC invocations=7 (full 0):
 garbage-first heap   total 138240K, used 20640K [0x0000000091000000, 0x0000000100000000)
  region size 1024K, 3 young (3072K), 3 survivors (3072K)
 Metaspace       used 20633K, capacity 21145K, committed 21248K, reserved 1069056K
  class space    used 2278K, capacity 2463K, committed 2560K, reserved 1048576K
}
Event: 16.502 GC heap before
{Heap before GC invocations=8 (full 0):
 garbage-first heap   total 75776K, used 63648K [0x0000000091000000, 0x0000000100000000)
  region size 1024K, 44 young (45056K), 3 survivors (3072K)
 Metaspace       used 26398K, capacity 26930K, committed 27156K, reserved 1073152K
  class space    used 2951K, capacity 3110K, committed 3200K, reserved 1048576K
}
Event: 16.535 GC heap after
{Heap after GC invocations=9 (full 0):
 garbage-first heap   total 78848K, used 32851K [0x0000000091000000, 0x0000000100000000)
  region size 1024K, 6 young (6144K), 6 survivors (6144K)
 Metaspace       used 26398K, capacity 26930K, committed 27156K, reserved 1073152K
  class space    used 2951K, capacity 3110K, committed 3200K, reserved 1048576K
}
Event: 16.838 GC heap before
{Heap before GC invocations=10 (full 0):
 garbage-first heap   total 99328K, used 59475K [0x0000000091000000, 0x0000000100000000)
  region size 1024K, 33 young (33792K), 6 survivors (6144K)
 Metaspace       used 26401K, capacity 26930K, committed 27156K, reserved 1073152K
  class space    used 2951K, capacity 3110K, committed 3200K, reserved 1048576K
}
Event: 16.857 GC heap after
{Heap after GC invocations=11 (full 0):
 garbage-first heap   total 99328K, used 35628K [0x0000000091000000, 0x0000000100000000)
  region size 1024K, 3 young (3072K), 3 survivors (3072K)
 Metaspace       used 26401K, capacity 26930K, committed 27156K, reserved 1073152K
  class space    used 2951K, capacity 3110K, committed 3200K, reserved 1048576K
}
Event: 19.075 GC heap before
{Heap before GC invocations=11 (full 0):
 garbage-first heap   total 99328K, used 74540K [0x0000000091000000, 0x0000000100000000)
  region size 1024K, 41 young (41984K), 3 survivors (3072K)
 Metaspace       used 28432K, capacity 28979K, committed 29204K, reserved 1075200K
  class space    used 3168K, capacity 3346K, committed 3456K, reserved 1048576K
}
Event: 19.097 GC heap after
{Heap after GC invocations=12 (full 0):
 garbage-first heap   total 99328K, used 39424K [0x0000000091000000, 0x0000000100000000)
  region size 1024K, 6 young (6144K), 6 survivors (6144K)
 Metaspace       used 28432K, capacity 28979K, committed 29204K, reserved 1075200K
  class space    used 3168K, capacity 3346K, committed 3456K, reserved 1048576K
}
Event: 21.106 GC heap before
{Heap before GC invocations=12 (full 0):
 garbage-first heap   total 99328K, used 76288K [0x0000000091000000, 0x0000000100000000)
  region size 1024K, 42 young (43008K), 6 survivors (6144K)
 Metaspace       used 30517K, capacity 31154K, committed 31252K, reserved 1077248K
  class space    used 3406K, capacity 3620K, committed 3712K, reserved 1048576K
}
Event: 21.129 GC heap after
{Heap after GC invocations=13 (full 0):
 garbage-first heap   total 119808K, used 41337K [0x0000000091000000, 0x0000000100000000)
  region size 1024K, 2 young (2048K), 2 survivors (2048K)
 Metaspace       used 30517K, capacity 31154K, committed 31252K, reserved 1077248K
  class space    used 3406K, capacity 3620K, committed 3712K, reserved 1048576K
}
Event: 21.800 GC heap before
{Heap before GC invocations=13 (full 0):
 garbage-first heap   total 119808K, used 90489K [0x0000000091000000, 0x0000000100000000)
  region size 1024K, 50 young (51200K), 2 survivors (2048K)
 Metaspace       used 30556K, capacity 31164K, committed 31508K, reserved 1077248K
  class space    used 3407K, capacity 3622K, committed 3712K, reserved 1048576K
}
Event: 21.815 GC heap after
{Heap after GC invocations=14 (full 0):
 garbage-first heap   total 119808K, used 47461K [0x0000000091000000, 0x0000000100000000)
  region size 1024K, 7 young (7168K), 7 survivors (7168K)
 Metaspace       used 30556K, capacity 31164K, committed 31508K, reserved 1077248K
  class space    used 3407K, capacity 3622K, committed 3712K, reserved 1048576K
}
Event: 22.225 GC heap before
{Heap before GC invocations=14 (full 0):
 garbage-first heap   total 119808K, used 90469K [0x0000000091000000, 0x0000000100000000)
  region size 1024K, 49 young (50176K), 7 survivors (7168K)
 Metaspace       used 30563K, capacity 31164K, committed 31508K, reserved 1077248K
  class space    used 3407K, capacity 3622K, committed 3712K, reserved 1048576K
}
Event: 22.247 GC heap after
{Heap after GC invocations=15 (full 0):
 garbage-first heap   total 119808K, used 53302K [0x0000000091000000, 0x0000000100000000)
  region size 1024K, 5 young (5120K), 5 survivors (5120K)
 Metaspace       used 30563K, capacity 31164K, committed 31508K, reserved 1077248K
  class space    used 3407K, capacity 3622K, committed 3712K, reserved 1048576K
}
Event: 23.534 GC heap before
{Heap before GC invocations=15 (full 0):
 garbage-first heap   total 119808K, used 91190K [0x0000000091000000, 0x0000000100000000)
  region size 1024K, 43 young (44032K), 5 survivors (5120K)
 Metaspace       used 31041K, capacity 31702K, committed 31764K, reserved 1077248K
  class space    used 3468K, capacity 3696K, committed 3712K, reserved 1048576K
}
Event: 23.553 GC heap after
{Heap after GC invocations=16 (full 0):
 garbage-first heap   total 119808K, used 59244K [0x0000000091000000, 0x0000000100000000)
  region size 1024K, 6 young (6144K), 6 survivors (6144K)
 Metaspace       used 31041K, capacity 31702K, committed 31764K, reserved 1077248K
  class space    used 3468K, capacity 3696K, committed 3712K, reserved 1048576K
}
Event: 24.943 GC heap before
{Heap before GC invocations=16 (full 0):
 garbage-first heap   total 119808K, used 93036K [0x0000000091000000, 0x0000000100000000)
  region size 1024K, 39 young (39936K), 6 survivors (6144K)
 Metaspace       used 31887K, capacity 32579K, committed 32660K, reserved 1079296K
  class space    used 3555K, capacity 3796K, committed 3840K, reserved 1048576K
}
Event: 24.962 GC heap after
{Heap after GC invocations=17 (full 0):
 garbage-first heap   total 119808K, used 59904K [0x0000000091000000, 0x0000000100000000)
  region size 1024K, 2 young (2048K), 2 survivors (2048K)
 Metaspace       used 31887K, capacity 32579K, committed 32660K, reserved 1079296K
  class space    used 3555K, capacity 3796K, committed 3840K, reserved 1048576K
}

